1 100 2
1 5 2
1 11 7
1 5 3
2 9 1 4
2 3 2 2
3 4 2 1 2
2 9 1 4
7 2 2 2 1 1 1 1 1
3 2 1 1 1
1 3 1
1 1 0
1 1 0
0 0
95 6 1 1 1 1 1 1 1 1 1 1 1 1 1 1 1 1 1 1 1 1 1 1 1 1 1 1 1 1 1 1 1 1 1 1 1 1 1 1 1 1 1 1 1 1 1 1 1 1 1 1 1 1 1 1 1 1 1 1 1 1 1 1 1 1 1 1 1 1 1 1 1 1 1 1 1 1 1 1 1 1 1 1 1 1 1 1 1 1 1 1 1 1 1 1 5
2 3 2 2
3 4 2 1 2
92 2 2 2 2 2 2 2 2 1 1 1 1 1 1 1 1 1 1 1 1 1 1 1 1 1 1 1 1 1 1 1 1 1 1 1 1 1 1 1 1 1 1 1 1 1 1 1 1 1 1 1 1 1 1 1 1 1 1 1 1 1 1 1 1 1 1 1 1 1 1 1 1 1 1 1 1 1 1 1 1 1 1 1 1 1 1 1 1 1 1 1 1 1
1 7 4
5 6 1 1 1 1 5
1 5 3
1 5 2
2 3 2 2
3 4 2 1 2
5 1 1 1 1 1 0
3 3 1 1 2
2 4 1 3
11 90 1 1 1 1 1 1 1 1 1 1 5
2 99 1 5
2 3 2 2
3 4 2 1 2
1 8 6
5 6 1 1 1 1 5
1 10 4
30 4 3 1 1 1 1 1 1 1 1 1 1 1 1 1 1 1 1 1 1 1 1 1 1 1 1 1 1 1 1 3
32 69 1 1 1 1 1 1 1 1 1 1 1 1 1 1 1 1 1 1 1 1 1 1 1 1 1 1 1 1 1 1 1 4
2 3 2 2
3 4 2 1 2
3 6 3 2 4
3 1 1 1 0
2 2 1 1
3 3 2 1 2
3 4 1 1 3
3 3 2 1 2
1 2 1
1 3 2
1 7 4
5 6 1 1 1 1 5
1 5 3
1 5 2
2 3 2 2
3 4 2 1 2
5 1 1 1 1 1 0
3 3 1 1 2
2 4 1 3
11 90 1 1 1 1 1 1 1 1 1 1 5
2 99 1 5
2 3 2 2
3 4 2 1 2
1 8 6
