spice stock 4
may pod 3

spice stock 4
may pod 3

may mad 1
may map 1
sip map 2

a x 1
a z 1
a y 1

aa bb 2
aa by 2
aa bx 2
aa by 2
aa bi 2

spice stock 4
may pod 3

spice stock 4
may pod 3

may mad 1
may map 1
sip map 2

a x 1
a z 1
a y 1

aa bb 2
aa by 2
aa bx 2
aa by 2
aa bi 2

aaaaa abcde 4
aaaaa abcda 3
aaa abc 2
abcde aacaa 3
abcda abcde 1
aaa aaa 0

spice stock 4
may pod 3
dip lip 1
map mad 1
map pad 2
map pod 3
map pop 4
map pip 3
pip lip 1
pop lip 2
pod lip 3
pad pod 1
pad pop 2
pad pip 3
may lip 4

spice stock 4
may pod 3
dip lip 1
map mad 1
map pad 2
map pod 3
map pop 4
map pip 3
pip lip 1
pop lip 2
pod lip 3
pad pod 1
pad pop 2
pad pip 3

abcde 12345 5
12345 abcde 5

aaaaa abcde 4
aaa abc 2
abcde aacaa 3
